<?xml version="1.0" encoding="UTF-8"?>
<testng-results skipped="0" failed="0" total="2" passed="2">
  <reporter-output>
  </reporter-output>
  <suite name="Default suite" duration-ms="46" started-at="2019-12-30T12:52:28Z" finished-at="2019-12-30T12:52:28Z">
    <groups>
    </groups>
    <test name="Default test" duration-ms="46" started-at="2019-12-30T12:52:28Z" finished-at="2019-12-30T12:52:28Z">
      <class name="org.metacube.webdriver.testng.Test">
        <test-method status="PASS" signature="exampleOfTestNgMaven()[pri:0, instance:org.metacube.webdriver.testng.Test@1efea79]" name="exampleOfTestNgMaven" duration-ms="16" started-at="2019-12-30T18:22:28Z" finished-at="2019-12-30T18:22:28Z">
          <reporter-output>
          </reporter-output>
        </test-method> <!-- exampleOfTestNgMaven -->
        <test-method status="PASS" signature="exampleOfTestNgMaven2()[pri:0, instance:org.metacube.webdriver.testng.Test@1efea79]" name="exampleOfTestNgMaven2" duration-ms="0" started-at="2019-12-30T18:22:28Z" finished-at="2019-12-30T18:22:28Z">
          <reporter-output>
          </reporter-output>
        </test-method> <!-- exampleOfTestNgMaven2 -->
      </class> <!-- org.metacube.webdriver.testng.Test -->
    </test> <!-- Default test -->
  </suite> <!-- Default suite -->
</testng-results>
